<?xml version="1.0" encoding="UTF-8"?>
<!-- Generated by org.testng.reporters.JUnitReportReporter -->
<testsuite hostname="SANTHOSH-PC" failures="0" tests="1" name="salezRobotWebsite_Test.Rsoft_Website_ChatBot_and_Whatsapp_Test" time="282.699" errors="0" timestamp="2022-11-15T17:35:42 IST" skipped="0">
  <testcase classname="salezRobotWebsite_Test.Rsoft_Website_ChatBot_and_Whatsapp_Test" name="clikable_Elements_in_SalezRobot_Website" time="282.699"/>
  <system-out/>
</testsuite> <!-- salezRobotWebsite_Test.Rsoft_Website_ChatBot_and_Whatsapp_Test -->
