<?xml version="1.0" encoding="UTF-8"?>
<!-- Generated by org.testng.reporters.JUnitReportReporter -->
<testsuite hostname="SANTHOSH-PC" failures="0" tests="1" name="salezRobotWebsite_Test.SalezRobot_Website_Test" time="1498.091" errors="0" timestamp="2022-11-10T12:07:48 IST" skipped="0">
  <testcase classname="salezRobotWebsite_Test.SalezRobot_Website_Test" name="clikable_Elements_in_SalezRobot_Website" time="1498.091"/>
  <system-out/>
</testsuite> <!-- salezRobotWebsite_Test.SalezRobot_Website_Test -->
