<?xml version="1.0" encoding="UTF-8"?>
<!-- Generated by org.testng.reporters.JUnitReportReporter -->
<testsuite hostname="SANTHOSH-PC" failures="0" tests="1" name="com.jenkins_Test.Extent_Report_Checking_For_Jenkins_Test" time="31.522" errors="0" timestamp="2022-11-18T17:08:01 IST" skipped="0">
  <testcase classname="com.jenkins_Test.Extent_Report_Checking_For_Jenkins_Test" name="launching_Website" time="31.522"/>
  <system-out/>
</testsuite> <!-- com.jenkins_Test.Extent_Report_Checking_For_Jenkins_Test -->
